#
# There is insufficient memory for the Java Runtime Environment to continue.
# Native memory allocation (mmap) failed to map 132120576 bytes for Failed to commit area from 0x0000000082800000 to 0x000000008a600000 of length 132120576.
# Possible reasons:
#   The system is out of physical RAM or swap space
#   The process is running with CompressedOops enabled, and the Java Heap may be blocking the growth of the native heap
# Possible solutions:
#   Reduce memory load on the system
#   Increase physical memory or swap space
#   Check if swap backing store is full
#   Decrease Java heap size (-Xmx/-Xms)
#   Decrease number of Java threads
#   Decrease Java thread stack sizes (-Xss)
#   Set larger code cache with -XX:ReservedCodeCacheSize=
#   JVM is running with Unscaled Compressed Oops mode in which the Java heap is
#     placed in the first 4GB address space. The Java Heap base address is the
#     maximum limit for the native heap growth. Please use -XX:HeapBaseMinAddress
#     to set the Java Heap base and to place the Java Heap above 4GB virtual address.
# This output file may be truncated or incomplete.
#
#  Out of Memory Error (./open/src/hotspot/os/windows/os_windows.cpp:3315), pid=5856, tid=15508
#
# JRE version:  (14.0.1+7) (build )
# Java VM: Java HotSpot(TM) 64-Bit Server VM (14.0.1+7, mixed mode, sharing, tiered, compressed oops, g1 gc, windows-amd64)
# No core dump will be written. Minidumps are not enabled by default on client versions of Windows
#

---------------  S U M M A R Y ------------

Command Line: -Dfile.encoding=UTF-8 client.MemberDriver

Host: Intel(R) Core(TM) i5-10210U CPU @ 1.60GHz, 8 cores, 7G,  Windows 10 , 64 bit Build 19041 (10.0.19041.1023)
Time: Thu Aug 12 01:09:23 2021 Malay Peninsula Standard Time elapsed time: 0 seconds (0d 0h 0m 0s)

---------------  T H R E A D  ---------------

Current thread (0x00000184f8508000):  JavaThread "Unknown thread" [_thread_in_vm, id=15508, stack(0x0000006038700000,0x0000006038800000)]

Stack: [0x0000006038700000,0x0000006038800000]
Native frames: (J=compiled Java code, j=interpreted, Vv=VM code, C=native code)
V  [jvm.dll+0x5f840a]
V  [jvm.dll+0x741e4a]
V  [jvm.dll+0x7435ff]
V  [jvm.dll+0x743c43]
V  [jvm.dll+0x20d288]
V  [jvm.dll+0x5f57ba]
V  [jvm.dll+0x5ea615]
V  [jvm.dll+0x2c7e9c]
V  [jvm.dll+0x2c7cd2]
V  [jvm.dll+0x2cdbbc]
V  [jvm.dll+0x313ff8]
V  [jvm.dll+0x313720]
V  [jvm.dll+0x2a092a]
V  [jvm.dll+0x2a1a79]
V  [jvm.dll+0x71f718]
V  [jvm.dll+0x321c44]
V  [jvm.dll+0x700b0c]
V  [jvm.dll+0x392dff]
V  [jvm.dll+0x394e71]
C  [jli.dll+0x523b]
C  [ucrtbase.dll+0x21bb2]
C  [KERNEL32.DLL+0x17034]
C  [ntdll.dll+0x52651]


---------------  P R O C E S S  ---------------

Threads class SMR info:
_java_thread_list=0x00007ffabb4e3078, length=0, elements={
}

Java Threads: ( => current thread )

Other Threads:
  0x00000184f854a800 GCTaskThread "GC Thread#0" [stack: 0x0000006038800000,0x0000006038900000] [id=12708]
  0x00000184f855b800 ConcurrentGCThread "G1 Main Marker" [stack: 0x0000006038900000,0x0000006038a00000] [id=18704]
  0x00000184f855d800 ConcurrentGCThread "G1 Conc#0" [stack: 0x0000006038a00000,0x0000006038b00000] [id=7896]

[error occurred during error reporting (printing all threads), id 0xc0000005, EXCEPTION_ACCESS_VIOLATION (0xc0000005) at pc=0x00007ffabad11257]

VM state:not at safepoint (not fully initialized)

VM Mutex/Monitor currently owned by a thread:  ([mutex/lock_event])
[0x00000184f85035d0] Heap_lock - owner thread: 0x00000184f8508000

Heap address: 0x0000000082800000, size: 2008 MB, Compressed Oops mode: 32-bit
Narrow klass base: 0x0000000000000000, Narrow klass shift: 0

GC Heap History (0 events):
No events

Deoptimization events (0 events):
No events

Classes unloaded (0 events):
No events

Classes redefined (0 events):
No events

Internal exceptions (0 events):
No events

Events (2 events):
Event: 0.007 Loaded shared library C:\Program Files\Java\jdk-14.0.1\bin\java.dll
Event: 0.008 Loaded shared library C:\Program Files\Java\jdk-14.0.1\bin\zip.dll


Dynamic libraries:
0x00007ff6ba920000 - 0x00007ff6ba92f000 	C:\Program Files\Java\jdk-14.0.1\bin\java.exe
0x00007ffb0cd30000 - 0x00007ffb0cf25000 	C:\Windows\SYSTEM32\ntdll.dll
0x00007ffb0af80000 - 0x00007ffb0b03d000 	C:\Windows\System32\KERNEL32.DLL
0x00007ffb0a680000 - 0x00007ffb0a949000 	C:\Windows\System32\KERNELBASE.dll
0x00007ffb0a580000 - 0x00007ffb0a680000 	C:\Windows\System32\ucrtbase.dll
0x00007ffafd200000 - 0x00007ffafd215000 	C:\Program Files\Java\jdk-14.0.1\bin\VCRUNTIME140.dll
0x00007ffaddb50000 - 0x00007ffaddb68000 	C:\Program Files\Java\jdk-14.0.1\bin\jli.dll
0x00007ffb0c6b0000 - 0x00007ffb0c75c000 	C:\Windows\System32\ADVAPI32.dll
0x00007ffb0b040000 - 0x00007ffb0b0de000 	C:\Windows\System32\msvcrt.dll
0x00007ffb0c4f0000 - 0x00007ffb0c58b000 	C:\Windows\System32\sechost.dll
0x00007ffb0ba90000 - 0x00007ffb0bbba000 	C:\Windows\System32\RPCRT4.dll
0x00007ffb0b7c0000 - 0x00007ffb0b960000 	C:\Windows\System32\USER32.dll
0x00007ffaf6b10000 - 0x00007ffaf6daa000 	C:\Windows\WinSxS\amd64_microsoft.windows.common-controls_6595b64144ccf1df_6.0.19041.1110_none_60b5254171f9507e\COMCTL32.dll
0x00007ffb0a470000 - 0x00007ffb0a492000 	C:\Windows\System32\win32u.dll
0x00007ffb0c590000 - 0x00007ffb0c5ba000 	C:\Windows\System32\GDI32.dll
0x00007ffb0a950000 - 0x00007ffb0aa5b000 	C:\Windows\System32\gdi32full.dll
0x00007ffb0ad00000 - 0x00007ffb0ad9d000 	C:\Windows\System32\msvcp_win.dll
0x00007ffb03340000 - 0x00007ffb0334a000 	C:\Windows\SYSTEM32\VERSION.dll
0x00007ffb0aee0000 - 0x00007ffb0af10000 	C:\Windows\System32\IMM32.DLL
0x00007ffac4970000 - 0x00007ffac4a0b000 	C:\Program Files\Java\jdk-14.0.1\bin\msvcp140.dll
0x00007ffabaa60000 - 0x00007ffabb57e000 	C:\Program Files\Java\jdk-14.0.1\bin\server\jvm.dll
0x00007ffb0c470000 - 0x00007ffb0c478000 	C:\Windows\System32\PSAPI.DLL
0x00007ffaf6930000 - 0x00007ffaf6957000 	C:\Windows\SYSTEM32\WINMM.dll
0x00007ffb02c40000 - 0x00007ffb02c49000 	C:\Windows\SYSTEM32\WSOCK32.dll
0x00007ffb0c480000 - 0x00007ffb0c4eb000 	C:\Windows\System32\WS2_32.dll
0x00007ffb083a0000 - 0x00007ffb083b2000 	C:\Windows\SYSTEM32\kernel.appcore.dll
0x00007ffb07b60000 - 0x00007ffb07b6a000 	C:\Program Files\Java\jdk-14.0.1\bin\jimage.dll
0x00007ffaf6580000 - 0x00007ffaf6764000 	C:\Windows\SYSTEM32\DBGHELP.DLL
0x00007ffaeb1a0000 - 0x00007ffaeb1cc000 	C:\Windows\SYSTEM32\dbgcore.DLL
0x00007ffb0abc0000 - 0x00007ffb0ac43000 	C:\Windows\System32\bcryptPrimitives.dll
0x00007ffafc920000 - 0x00007ffafc945000 	C:\Program Files\Java\jdk-14.0.1\bin\java.dll
0x00007ffafc970000 - 0x00007ffafc986000 	C:\Program Files\Java\jdk-14.0.1\bin\zip.dll

dbghelp: loaded successfully - version: 4.0.5 - missing functions: none
symbol engine: initialized successfully - sym options: 0x614 - pdb path: .;C:\Program Files\Java\jdk-14.0.1\bin;C:\Windows\SYSTEM32;C:\Windows\WinSxS\amd64_microsoft.windows.common-controls_6595b64144ccf1df_6.0.19041.1110_none_60b5254171f9507e;C:\Program Files\Java\jdk-14.0.1\bin\server

VM Arguments:
jvm_args: -Dfile.encoding=UTF-8 
java_command: client.MemberDriver
java_class_path (initial): C:\Users\60169\Documents\NetBeansProjects\AssignmentDSA\build\classes
Launcher Type: SUN_STANDARD

[Global flags]
     intx CICompilerCount                          = 4                                         {product} {ergonomic}
     uint ConcGCThreads                            = 2                                         {product} {ergonomic}
     uint G1ConcRefinementThreads                  = 8                                         {product} {ergonomic}
   size_t G1HeapRegionSize                         = 1048576                                   {product} {ergonomic}
    uintx GCDrainStackTargetSize                   = 64                                        {product} {ergonomic}
   size_t InitialHeapSize                          = 132120576                                 {product} {ergonomic}
   size_t MarkStackSize                            = 4194304                                   {product} {ergonomic}
   size_t MaxHeapSize                              = 2105540608                                {product} {ergonomic}
   size_t MinHeapDeltaBytes                        = 1048576                                   {product} {ergonomic}
   size_t MinHeapSize                              = 8388608                                   {product} {ergonomic}
    uintx NonNMethodCodeHeapSize                   = 5839372                                {pd product} {ergonomic}
    uintx NonProfiledCodeHeapSize                  = 122909434                              {pd product} {ergonomic}
    uintx ProfiledCodeHeapSize                     = 122909434                              {pd product} {ergonomic}
    uintx ReservedCodeCacheSize                    = 251658240                              {pd product} {ergonomic}
     bool SegmentedCodeCache                       = true                                      {product} {ergonomic}
   size_t SoftMaxHeapSize                          = 2105540608                             {manageable} {ergonomic}
     bool UseCompressedClassPointers               = true                                 {lp64_product} {ergonomic}
     bool UseCompressedOops                        = true                                 {lp64_product} {ergonomic}
     bool UseG1GC                                  = true                                      {product} {ergonomic}
     bool UseLargePagesIndividualAllocation        = false                                  {pd product} {ergonomic}

Logging:
Log output configuration:
 #0: stdout all=warning uptime,level,tags
 #1: stderr all=off uptime,level,tags

Environment Variables:
PATH=C:\Windows\system32;C:\Windows;C:\Windows\System32\Wbem;C:\Windows\System32\WindowsPowerShell\v1.0\;C:\Windows\System32\OpenSSH\;C:\Program Files (x86)\NVIDIA Corporation\PhysX\Common;C:\Program Files\NVIDIA Corporation\NVIDIA NvDLISR;C:\Users\60169\AppData\Local\Microsoft\WindowsApps;C:\Program Files\Java\jdk-14.0.1\bin
USERNAME=Jian
OS=Windows_NT
PROCESSOR_IDENTIFIER=Intel64 Family 6 Model 142 Stepping 12, GenuineIntel



---------------  S Y S T E M  ---------------

OS: Windows 10 , 64 bit Build 19041 (10.0.19041.1023)
OS uptime: 5 days 9:47 hours

CPU:total 8 (initial active 8) (4 cores per cpu, 2 threads per core) family 6 model 142 stepping 12, cmov, cx8, fxsr, mmx, sse, sse2, sse3, ssse3, sse4.1, sse4.2, popcnt, avx, avx2, aes, clmul, erms, 3dnowpref, lzcnt, ht, tsc, tscinvbit, bmi1, bmi2, adx, fma

Memory: 4k page, system-wide physical 8025M (1400M free)
TotalPageFile size 23385M (AvailPageFile size 127M)
current process WorkingSet (physical memory assigned to process): 10M, peak: 10M
current process commit charge ("private bytes"): 60M, peak: 186M

vm_info: Java HotSpot(TM) 64-Bit Server VM (14.0.1+7) for windows-amd64 JRE (14.0.1+7), built on Mar  5 2020 10:30:14 by "mach5one" with MS VC++ 15.9 (VS2017)

END.
